<?xml version="1.0" encoding="UTF-8" ?>
<testsuite failures="0" time="0.052" errors="0" skipped="0" tests="1" name="com.mycompany.app.AppTest">
  <properties>
    <property name="java.vm.vendor.url.bug" value="http://download.oracle.com/docs/cd/E15289_01/go2troubleshooting.html"/>
    <property name="java.runtime.name" value="Java(TM) SE Runtime Environment"/>
    <property name="sun.boot.library.path" value="/u01/app/oracle/fmw/jrockit-jdk1.6.0_45-R28.2.7-4.1.0/jre/lib/amd64"/>
    <property name="java.vm.version" value="R28.2.7-7-155314-1.6.0_45-20130329-0641-linux-x86_64"/>
    <property name="java.vm.vendor" value="Oracle Corporation"/>
    <property name="java.vendor.url" value="http://www.oracle.com/"/>
    <property name="path.separator" value=":"/>
    <property name="guice.disable.misplaced.annotation.check" value="true"/>
    <property name="java.vm.name" value="Oracle JRockit(R)"/>
    <property name="file.encoding.pkg" value="sun.io"/>
    <property name="user.country" value="US"/>
    <property name="sun.java.launcher" value="SUN_STANDARD"/>
    <property name="sun.os.patch.level" value="unknown"/>
    <property name="java.vm.vendor.url" value="http://www.oracle.com/"/>
    <property name="java.vm.specification.name" value="Java Virtual Machine Specification"/>
    <property name="user.dir" value="/home/oracle/mvn-test/ci-test"/>
    <property name="java.runtime.version" value="1.6.0_45-b06"/>
    <property name="java.awt.graphicsenv" value="sun.awt.X11GraphicsEnvironment"/>
    <property name="java.endorsed.dirs" value="/u01/app/oracle/fmw/jrockit-jdk1.6.0_45-R28.2.7-4.1.0/jre/lib/endorsed"/>
    <property name="os.arch" value="amd64"/>
    <property name="java.io.tmpdir" value="/tmp"/>
    <property name="line.separator" value="
"/>
    <property name="java.vm.specification.vendor" value="Sun Microsystems Inc."/>
    <property name="os.name" value="Linux"/>
    <property name="classworlds.conf" value="/home/oracle/apache-maven-3.0.5/bin/m2.conf"/>
    <property name="sun.jnu.encoding" value="UTF-8"/>
    <property name="java.library.path" value="/usr/java/packages/lib/amd64:/u01/app/oracle/fmw/jrockit-jdk1.6.0_45-R28.2.7-4.1.0/jre/lib/amd64/jrockit:/u01/app/oracle/fmw/jrockit-jdk1.6.0_45-R28.2.7-4.1.0/jre/lib/amd64:/u01/app/oracle/fmw/jrockit-jdk1.6.0_45-R28.2.7-4.1.0/jre/../lib/amd64::/u01/app/oracle/product/11.2.0/dbhome_1/lib"/>
    <property name="java.specification.name" value="Java Platform API Specification"/>
    <property name="java.class.version" value="50.0"/>
    <property name="sun.management.compiler" value="Oracle JRockit(R) Optimizing Compiler"/>
    <property name="os.version" value="2.6.39-400.24.1.el6uek.x86_64"/>
    <property name="user.home" value="/home/oracle"/>
    <property name="user.timezone" value="America/Panama"/>
    <property name="java.awt.printerjob" value="sun.print.PSPrinterJob"/>
    <property name="java.specification.version" value="1.6"/>
    <property name="file.encoding" value="UTF-8"/>
    <property name="user.name" value="oracle"/>
    <property name="java.class.path" value="/home/oracle/apache-maven-3.0.5/boot/plexus-classworlds-2.4.jar"/>
    <property name="java.vm.specification.version" value="1.0"/>
    <property name="sun.arch.data.model" value="64"/>
    <property name="java.home" value="/u01/app/oracle/fmw/jrockit-jdk1.6.0_45-R28.2.7-4.1.0/jre"/>
    <property name="sun.java.command" value="org.codehaus.plexus.classworlds.launcher.Launcher package"/>
    <property name="java.specification.vendor" value="Sun Microsystems Inc."/>
    <property name="user.language" value="en"/>
    <property name="java.vm.info" value="compiled mode"/>
    <property name="java.version" value="1.6.0_45"/>
    <property name="java.ext.dirs" value="/u01/app/oracle/fmw/jrockit-jdk1.6.0_45-R28.2.7-4.1.0/jre/lib/ext:/usr/java/packages/lib/ext"/>
    <property name="kernel.download.enabled" value="false"/>
    <property name="securerandom.source" value="file:/dev/./urandom"/>
    <property name="sun.boot.class.path" value="/u01/app/oracle/fmw/jrockit-jdk1.6.0_45-R28.2.7-4.1.0/jre/lib/resources.jar:/u01/app/oracle/fmw/jrockit-jdk1.6.0_45-R28.2.7-4.1.0/jre/lib/rt.jar:/u01/app/oracle/fmw/jrockit-jdk1.6.0_45-R28.2.7-4.1.0/jre/lib/sunrsasign.jar:/u01/app/oracle/fmw/jrockit-jdk1.6.0_45-R28.2.7-4.1.0/jre/lib/jsse.jar:/u01/app/oracle/fmw/jrockit-jdk1.6.0_45-R28.2.7-4.1.0/jre/lib/jce.jar:/u01/app/oracle/fmw/jrockit-jdk1.6.0_45-R28.2.7-4.1.0/jre/lib/charsets.jar:/u01/app/oracle/fmw/jrockit-jdk1.6.0_45-R28.2.7-4.1.0/jre/classes"/>
    <property name="java.vendor" value="Oracle Corporation"/>
    <property name="maven.home" value="/home/oracle/apache-maven-3.0.5"/>
    <property name="file.separator" value="/"/>
    <property name="java.vendor.url.bug" value="http://download.oracle.com/docs/cd/E15289_01/go2troubleshooting.html"/>
    <property name="sun.cpu.endian" value="little"/>
    <property name="sun.io.unicode.encoding" value="UnicodeLittle"/>
    <property name="sun.desktop" value="gnome"/>
    <property name="sun.cpu.isalist" value=""/>
  </properties>
  <testcase time="0.004" classname="com.mycompany.app.AppTest" name="testApp"/>
</testsuite>